<?xml version="1.0" encoding="UTF-8"?>
<!-- Generated by org.testng.reporters.JUnitReportReporter -->
<testsuite skipped="0" hostname="DESKTOP-9JTIKI9" name="tests.DemoTest" tests="1" failures="0" timestamp="2021-02-04T20:27:47 CET" time="2.782" errors="0">
  <testcase name="demoTest" time="2.782" classname="tests.DemoTest"/>
  <system-out/>
</testsuite> <!-- tests.DemoTest -->
